./Makefile:1: MINOR:C-G1
./client.c:1: MINOR:C-G1
./client.c:15: MAJOR:C-L1
./client.c:38: MAJOR:C-L1
./client.c:40: MAJOR:C-L1
./commands.c:1: MINOR:C-G1
./commands.c:66: MAJOR:C-L1
./commands.c:66: MAJOR:C-L5
./commands.c:84: MAJOR:C-L1
./commands.c:84: MAJOR:C-L5
./commands.c:110: MAJOR:C-F5
./commands.c:111: MINOR:C-L2
./commands.c:113: MAJOR:C-L1
./commands.c:113: MINOR:C-L4
./commands.c:114: MAJOR:C-L1
./commands.c:114: MINOR:C-L4
./commands.c:115: MAJOR:C-L1
./commands.c:115: MINOR:C-L4
./commands.c:116: MAJOR:C-L1
./commands.c:116: MINOR:C-L3
./commands.c:116: MINOR:C-L4
./commands.c:117: MAJOR:C-L1
./commands.c:117: MINOR:C-L3
./commands.c:117: MINOR:C-L4
./commands.c:118: MAJOR:C-L1
./commands.c:118: MINOR:C-L4
./commands.c:119: MAJOR:C-L1
./commands.c:119: MINOR:C-L4
./commands.c:120: MAJOR:C-L1
./commands.c:120: MINOR:C-L4
./main.c:1: MINOR:C-G1
./main.c:4: MAJOR:C-G4
./main.c:4: MINOR:C-L3
./main.c:41: MAJOR:C-L1
./main.c:43: MAJOR:C-L1
./main.c:45: MAJOR:C-L1
./main.c:52: MAJOR:C-L1
./main.c:78: MAJOR:C-L1
./main.c:79: MAJOR:C-L1
./main.c:87: MAJOR:C-L1
./main.c:87: MINOR:C-L4
./main.c:89: MAJOR:C-C1
./main.c:89: MAJOR:C-L1
./server.c:1: MINOR:C-G1
./server.c:8: MAJOR:C-L1
./server.c:8: MINOR:C-L4
./server.h:1: MINOR:C-G1
./server.h:2: MINOR:C-G3
./server.h:4: MINOR:C-G3
./server.h:5: MINOR:C-G3
./server.h:6: MINOR:C-G3
./server.h:7: MINOR:C-G3
./server.h:8: MINOR:C-G3
./server.h:9: MINOR:C-G3
./server.h:10: MINOR:C-G3
./server.h:11: MINOR:C-G3
./server.h:12: MINOR:C-G3
./server.h:13: MINOR:C-G3
./server.h:14: MINOR:C-G3
./server.h:15: MINOR:C-G3
./server.h:17: MINOR:C-G3
./server.h:18: MINOR:C-G3
./server.h:19: MINOR:C-G3
./server.h:35: MINOR:C-L3
./server.h:39: MINOR:C-L3
./server.h:45: MAJOR:C-F5
./server.h:46: MINOR:C-L2
./server.h:48: MAJOR:C-F5
./server.h:48: MINOR:C-L3
./transfer.c:1: MINOR:C-G1
./transfer.c:22: MAJOR:C-L1
./transfer.c:34: MAJOR:C-F5
./transfer.c:35: MINOR:C-L2
./transfer.c:41: MAJOR:C-L1
./transfer.c:60: MAJOR:C-L1
./transfer.c:82: MAJOR:C-L1
